INFO:root:read eco_dict
INFO:root:scanning, please wait...
INFO:root:done scanning
INFO:root:device.address: 00:1B:10:4F:B6:B0
INFO:root:Connected: True
INFO:root:Initialized
INFO:root:piece: r at h8 down
INFO:root:piece: n at g8 down
INFO:root:piece: b at f8 down
INFO:root:piece: k at e8 down
INFO:root:piece: q at d8 down
INFO:root:piece: b at c8 down
INFO:root:piece: n at b8 down
INFO:root:piece: r at a8 down
INFO:root:piece: p at h7 down
INFO:root:piece: p at g7 down
INFO:root:piece: p at f7 down
INFO:root:piece: p at e7 down
INFO:root:piece: p at d7 down
INFO:root:piece: p at c7 down
INFO:root:piece: p at b7 down
INFO:root:piece: p at a7 down
INFO:root:piece: P at h2 down
INFO:root:piece: P at g2 down
INFO:root:piece: P at f2 down
INFO:root:piece: P at e2 down
INFO:root:piece: P at d2 down
INFO:root:piece: P at c2 down
INFO:root:piece: P at b2 down
INFO:root:piece: P at a2 down
INFO:root:piece: R at h1 down
INFO:root:piece: N at g1 down
INFO:root:piece: B at f1 down
INFO:root:piece: K at e1 down
INFO:root:piece: Q at d1 down
INFO:root:piece: B at c1 down
INFO:root:piece: N at b1 down
INFO:root:piece: R at a1 down
INFO:root:Board settled
INFO:root:board correct:
r n b q k b n r
p p p p p p p p
. . . . . . . .
. . . . . . . .
. . . . . . . .
. . . . . . . .
P P P P P P P P
R N B Q K B N R
INFO:root:select a color by picking up a king
INFO:root:piece: e8 at k up
INFO:root:piece: k at e8 down
INFO:root:Selected Black
INFO:root:board correct:
r n b q k b n r
p p p p p p p p
. . . . . . . .
. . . . . . . .
. . . . . . . .
. . . . . . . .
P P P P P P P P
R N B Q K B N R
INFO:root:[('A00a', 'Start position')]
INFO:root:generated Move: e2e4
INFO:root:board incorrect!
please fix
INFO:root:piece: e2 at P up
INFO:root:piece: P at e4 down
INFO:root:board fixed!
rnbqkbnr/pppppppp/8/8/4P3/8/PPPP1PPP/RNBQKBNR b KQkq - 0 1
INFO:root:[('B00a', "King's Pawn")]
INFO:root:piece: e7 at p up
INFO:root:piece: p at e5 down
INFO:root:r n b q k b n r
p p p p . p p p
. . . . . . . .
. . . . p . . .
. . . . P . . .
. . . . . . . .
P P P P . P P P
R N B Q K B N R
INFO:root:Move-stack: ['e2e4', 'e7e5']
INFO:root:Player move: e7e5
INFO:root:[('C20', 'Open Game')]
INFO:root:generated Move: g1f3
INFO:root:board incorrect!
please fix
INFO:root:piece: g1 at N up
INFO:root:piece: N at f3 down
INFO:root:board fixed!
rnbqkbnr/pppp1ppp/8/4p3/4P3/5N2/PPPP1PPP/RNBQKB1R b KQkq - 1 2
INFO:root:[('C40a', 'Open Game')]
INFO:root:piece: f7 at p up
INFO:root:piece: p at f5 down
INFO:root:r n b q k b n r
p p p p . . p p
. . . . . . . .
. . . . p p . .
. . . . P . . .
. . . . . N . .
P P P P . P P P
R N B Q K B . R
INFO:root:Move-stack: ['e2e4', 'e7e5', 'g1f3', 'f7f5']
INFO:root:Player move: f7f5
INFO:root:[('C40j', 'Latvian Gambit')]
INFO:root:generated Move: f3e5
INFO:root:board incorrect!
please fix
INFO:root:piece: e5 at p up
INFO:root:piece: f3 at N up
INFO:root:piece: N at e5 down
INFO:root:board fixed!
rnbqkbnr/pppp2pp/8/4Np2/4P3/8/PPPP1PPP/RNBQKB1R b KQkq - 0 3
INFO:root:[('C40r', 'Latvian Gambit: 3.Nxe5')]
